//1-改名（h/cpp)；2-Makefile改名（共5处） 3、头文件包含
文件名修改
function4muduo --> function_for_muduo   (h)
kfile_system   --> file_system          (h)
kfile_writer   --> file_writer			(h/cpp)
klogger        --> logger				(h/cpp)
kthread_info   --> thread_info			(h/cpp)
logAdaptor     --> log_adaptor			(h)
QAtomic        --> atomic				(h)
QSingleton     --> singleton			(h)
QThread        --> thread				(h/cpp)
log4muduo      --> log_for_muduo      	(cpp)
lib_init_4muduo--> lib_init_for_muduo	(cpp)

ChatModule	   --> chat_module			(h/cpp)
DataCache	   --> data_cache			(h/cpp)
DefineGameMap  --> define_game_map		(h)
DefineLogicData--> define_logic_data	(h)

DefineModuleData-> define_module_data	(h)
GameMap		   --> game_map				(h)
LogicModuleManager->logic_module_manager(h/cpp)
LoginModule	   --> login_module			(h/cpp)
MapModule	   --> map_module			(h/cpp)
ModuleHeader   --> module_header		(h)
logic		   --> logic_main			(cpp)

类名和结构体名的修改：(2015.4.10 14:50)
CAtomicIntT    --> AtomicInt
CSingleton		--> Singleton
CThread			--> Thread
KFileSystem		--> FileSystem
KFileWriter		--> FileWriter
KLogger			--> Logger
CTcpClient		--> TcpClient
CTcpModule		--> TcpModule
stSession		--> UserSession
stMsgFromClient --> MsgFromClient
CTcpServer		--> TcpServer
stPoint			--> Point
TArea			--> Area
CTower			--> Tower
CTowerAoi		--> TowerAoi
stMsgHeader		--> MsgHeader
stCmdType		--> CmdType
stMessage		--> Message
stMsgInServer	--> MsgInServer
stSocketInfo	--> SocketInfo
stEvent			--> TcpEvent
stZeroArray		--> ZeroArray

CGateManager	--> GateManager

stMapHeader		--> MapHeader
stMapGrid		--> MapGrid
stMapGate		--> MapGate
stMapGridInfo	--> MapGridInfo
CGameMap		--> GameMap
stPlayerData	--> PlayerDataMsg
stPlayerBase	--> PlayerBase
stPlayerFigure	--> PlayerFigure
stPlayerMapData	--> PlayerMapData
CServerConfig	--> ServerConfig
CPlayerData		--> PlayerData
CLogicModuleBase--> LogicModuleBase
CChatModule		--> ChatModule
CLoginModule	--> LoginModule
CMapModule		--> MapModule
CLogicManager	--> LogicManager
CLogicModuleManager--> LogicModuleManager

枚举类型的修改：(2015.4.10 15:47)
emTcpEvent		--> TcpEventType
	emEvent_Connect		 --> TCP_EVENT_CONNECTED
	emEvent_DisConnect	 --> TCP_EVENT_DISCONNECTED
	emEvent_Error		 --> TCP_EVENT_ERROR
	emEvent_FirstRead	 --> TCP_EVENT_FIRST_READ
	
typedef名字的修改：(2015.4.10 16:47)
AtInt32			--> AtomicInt32
AtInt64			--> AtomicInt64
TLogBuffer		--> LogBuffer
TModelId		--> ModuleName
TMessageQueue	--> MessageList
TObjId			--> ObjectId
TCellId			--> CellId
TObjSet			--> ObjectSet
TMapID			--> MapId
TSocketKey		--> SocketKey
TUserId			--> UserId
TServerId		--> ServerId
TErrorCode		--> ErrorCode
UserObjIdMap	--> UserObjIdHash
PlayerDataMap	--> PlayerDataHash
TModuleID		--> ModuleId
TMapOrigID		--> MapOrigID
TCoord			--> Coordinate
UserIDList		--> UserIdList
ObjIdSet		--> ObjIdHashset